<?xml version="1.0" encoding="UTF-8"?>
<coverage generated="1758708401907" clover="3.2.0">
  <project timestamp="1758708401907" name="All files">
    <metrics statements="66" coveredstatements="45" conditionals="14" coveredconditionals="3" methods="31" coveredmethods="21" elements="111" coveredelements="69" complexity="0" loc="66" ncloc="66" packages="3" files="16" classes="16"/>
    <package name="src">
      <metrics statements="8" coveredstatements="1" conditionals="10" coveredconditionals="0" methods="4" coveredmethods="0"/>
      <file name="App.jsx" path="/home/sepheron/dbwebb-kurser/jsramverk/repo-ssr/front-end-editor/src/App.jsx">
        <metrics statements="6" coveredstatements="0" conditionals="10" coveredconditionals="0" methods="4" coveredmethods="0"/>
        <line num="12" count="0" type="stmt"/>
        <line num="13" count="0" type="stmt"/>
        <line num="15" count="0" type="stmt"/>
        <line num="34" count="0" type="stmt"/>
        <line num="39" count="0" type="stmt"/>
        <line num="41" count="0" type="stmt"/>
      </file>
      <file name="main.jsx" path="/home/sepheron/dbwebb-kurser/jsramverk/repo-ssr/front-end-editor/src/main.jsx">
        <metrics statements="1" coveredstatements="0" conditionals="0" coveredconditionals="0" methods="0" coveredmethods="0"/>
        <line num="6" count="0" type="stmt"/>
      </file>
      <file name="url.js" path="/home/sepheron/dbwebb-kurser/jsramverk/repo-ssr/front-end-editor/src/url.js">
        <metrics statements="1" coveredstatements="1" conditionals="0" coveredconditionals="0" methods="0" coveredmethods="0"/>
        <line num="2" count="4" type="stmt"/>
      </file>
    </package>
    <package name="src.assets.wrappers">
      <metrics statements="6" coveredstatements="6" conditionals="0" coveredconditionals="0" methods="0" coveredmethods="0"/>
      <file name="About.js" path="/home/sepheron/dbwebb-kurser/jsramverk/repo-ssr/front-end-editor/src/assets/wrappers/About.js">
        <metrics statements="1" coveredstatements="1" conditionals="0" coveredconditionals="0" methods="0" coveredmethods="0"/>
        <line num="3" count="1" type="stmt"/>
      </file>
      <file name="AllDocs.js" path="/home/sepheron/dbwebb-kurser/jsramverk/repo-ssr/front-end-editor/src/assets/wrappers/AllDocs.js">
        <metrics statements="1" coveredstatements="1" conditionals="0" coveredconditionals="0" methods="0" coveredmethods="0"/>
        <line num="3" count="1" type="stmt"/>
      </file>
      <file name="CreateDoc.js" path="/home/sepheron/dbwebb-kurser/jsramverk/repo-ssr/front-end-editor/src/assets/wrappers/CreateDoc.js">
        <metrics statements="1" coveredstatements="1" conditionals="0" coveredconditionals="0" methods="0" coveredmethods="0"/>
        <line num="3" count="1" type="stmt"/>
      </file>
      <file name="DeleteDoc.js" path="/home/sepheron/dbwebb-kurser/jsramverk/repo-ssr/front-end-editor/src/assets/wrappers/DeleteDoc.js">
        <metrics statements="1" coveredstatements="1" conditionals="0" coveredconditionals="0" methods="0" coveredmethods="0"/>
        <line num="3" count="1" type="stmt"/>
      </file>
      <file name="Nav.js" path="/home/sepheron/dbwebb-kurser/jsramverk/repo-ssr/front-end-editor/src/assets/wrappers/Nav.js">
        <metrics statements="1" coveredstatements="1" conditionals="0" coveredconditionals="0" methods="0" coveredmethods="0"/>
        <line num="3" count="1" type="stmt"/>
      </file>
      <file name="UpdateDoc.js" path="/home/sepheron/dbwebb-kurser/jsramverk/repo-ssr/front-end-editor/src/assets/wrappers/UpdateDoc.js">
        <metrics statements="1" coveredstatements="1" conditionals="0" coveredconditionals="0" methods="0" coveredmethods="0"/>
        <line num="3" count="1" type="stmt"/>
      </file>
    </package>
    <package name="src.components">
      <metrics statements="52" coveredstatements="38" conditionals="4" coveredconditionals="3" methods="27" coveredmethods="21"/>
      <file name="About.jsx" path="/home/sepheron/dbwebb-kurser/jsramverk/repo-ssr/front-end-editor/src/components/About.jsx">
        <metrics statements="1" coveredstatements="1" conditionals="0" coveredconditionals="0" methods="1" coveredmethods="1"/>
        <line num="4" count="3" type="stmt"/>
      </file>
      <file name="AllDocs.jsx" path="/home/sepheron/dbwebb-kurser/jsramverk/repo-ssr/front-end-editor/src/components/AllDocs.jsx">
        <metrics statements="8" coveredstatements="8" conditionals="2" coveredconditionals="2" methods="6" coveredmethods="6"/>
        <line num="6" count="6" type="stmt"/>
        <line num="8" count="6" type="stmt"/>
        <line num="9" count="3" type="stmt"/>
        <line num="10" count="3" type="stmt"/>
        <line num="11" count="3" type="stmt"/>
        <line num="14" count="6" type="stmt"/>
        <line num="19" count="3" type="stmt"/>
        <line num="21" count="1" type="cond" truecount="2" falsecount="0"/>
      </file>
      <file name="CreateDoc.jsx" path="/home/sepheron/dbwebb-kurser/jsramverk/repo-ssr/front-end-editor/src/components/CreateDoc.jsx">
        <metrics statements="10" coveredstatements="10" conditionals="0" coveredconditionals="0" methods="4" coveredmethods="4"/>
        <line num="7" count="17" type="stmt"/>
        <line num="8" count="17" type="stmt"/>
        <line num="12" count="1" type="stmt"/>
        <line num="14" count="1" type="stmt"/>
        <line num="16" count="1" type="stmt"/>
        <line num="22" count="1" type="stmt"/>
        <line num="23" count="1" type="stmt"/>
        <line num="26" count="17" type="stmt"/>
        <line num="37" count="3" type="stmt"/>
        <line num="45" count="9" type="stmt"/>
      </file>
      <file name="DeleteDoc.jsx" path="/home/sepheron/dbwebb-kurser/jsramverk/repo-ssr/front-end-editor/src/components/DeleteDoc.jsx">
        <metrics statements="10" coveredstatements="7" conditionals="2" coveredconditionals="1" methods="2" coveredmethods="2"/>
        <line num="6" count="1" type="stmt"/>
        <line num="8" count="1" type="stmt"/>
        <line num="9" count="1" type="stmt"/>
        <line num="13" count="1" type="stmt"/>
        <line num="15" count="1" type="cond" truecount="1" falsecount="1"/>
        <line num="16" count="0" type="stmt"/>
        <line num="17" count="0" type="stmt"/>
        <line num="19" count="1" type="stmt"/>
        <line num="22" count="0" type="stmt"/>
        <line num="26" count="1" type="stmt"/>
      </file>
      <file name="Header.jsx" path="/home/sepheron/dbwebb-kurser/jsramverk/repo-ssr/front-end-editor/src/components/Header.jsx">
        <metrics statements="11" coveredstatements="0" conditionals="0" coveredconditionals="0" methods="6" coveredmethods="0"/>
        <line num="3" count="0" type="stmt"/>
        <line num="4" count="0" type="stmt"/>
        <line num="7" count="0" type="stmt"/>
        <line num="8" count="0" type="stmt"/>
        <line num="9" count="0" type="stmt"/>
        <line num="10" count="0" type="stmt"/>
        <line num="11" count="0" type="stmt"/>
        <line num="14" count="0" type="stmt"/>
        <line num="17" count="0" type="stmt"/>
        <line num="32" count="0" type="stmt"/>
        <line num="33" count="0" type="stmt"/>
      </file>
      <file name="Nav.jsx" path="/home/sepheron/dbwebb-kurser/jsramverk/repo-ssr/front-end-editor/src/components/Nav.jsx">
        <metrics statements="4" coveredstatements="4" conditionals="0" coveredconditionals="0" methods="4" coveredmethods="4"/>
        <line num="4" count="3" type="stmt"/>
        <line num="7" count="1" type="stmt"/>
        <line num="8" count="1" type="stmt"/>
        <line num="9" count="1" type="stmt"/>
      </file>
      <file name="UpdateDoc.jsx" path="/home/sepheron/dbwebb-kurser/jsramverk/repo-ssr/front-end-editor/src/components/UpdateDoc.jsx">
        <metrics statements="8" coveredstatements="8" conditionals="0" coveredconditionals="0" methods="4" coveredmethods="4"/>
        <line num="6" count="17" type="stmt"/>
        <line num="7" count="17" type="stmt"/>
        <line num="12" count="1" type="stmt"/>
        <line num="14" count="1" type="stmt"/>
        <line num="16" count="1" type="stmt"/>
        <line num="23" count="17" type="stmt"/>
        <line num="31" count="7" type="stmt"/>
        <line num="38" count="8" type="stmt"/>
      </file>
    </package>
  </project>
</coverage>
