{"/home/sepheron/dbwebb-kurser/jsramverk/repo-ssr/front-end-editor/src/App.jsx": {"path":"/home/sepheron/dbwebb-kurser/jsramverk/repo-ssr/front-end-editor/src/App.jsx","statementMap":{"0":{"start":{"line":12,"column":26},"end":{"line":12,"column":null}},"1":{"start":{"line":13,"column":28},"end":{"line":13,"column":null}},"2":{"start":{"line":15,"column":2},"end":{"line":45,"column":null}},"3":{"start":{"line":34,"column":34},"end":{"line":34,"column":47}},"4":{"start":{"line":39,"column":59},"end":{"line":39,"column":73}},"5":{"start":{"line":41,"column":65},"end":{"line":41,"column":79}},"6":{"start":{"line":41,"column":79},"end":{"line":41,"column":97}}},"fnMap":{"0":{"name":"App","decl":{"start":{"line":11,"column":9},"end":{"line":11,"column":15}},"loc":{"start":{"line":11,"column":15},"end":{"line":47,"column":null}}},"1":{"name":"(anonymous_1)","decl":{"start":{"line":34,"column":27},"end":{"line":34,"column":34}},"loc":{"start":{"line":34,"column":34},"end":{"line":34,"column":47}}},"2":{"name":"(anonymous_2)","decl":{"start":{"line":39,"column":53},"end":{"line":39,"column":59}},"loc":{"start":{"line":39,"column":59},"end":{"line":39,"column":73}}},"3":{"name":"(anonymous_3)","decl":{"start":{"line":41,"column":58},"end":{"line":41,"column":64}},"loc":{"start":{"line":41,"column":64},"end":{"line":41,"column":100}}}},"branchMap":{"0":{"loc":{"start":{"line":21,"column":9},"end":{"line":24,"column":null}},"type":"binary-expr","locations":[{"start":{"line":21,"column":9},"end":{"line":21,"column":null}},{"start":{"line":22,"column":10},"end":{"line":24,"column":null}}]},"1":{"loc":{"start":{"line":27,"column":9},"end":{"line":30,"column":null}},"type":"binary-expr","locations":[{"start":{"line":27,"column":9},"end":{"line":27,"column":null}},{"start":{"line":28,"column":10},"end":{"line":30,"column":null}}]},"2":{"loc":{"start":{"line":33,"column":9},"end":{"line":34,"column":null}},"type":"binary-expr","locations":[{"start":{"line":33,"column":9},"end":{"line":33,"column":30}},{"start":{"line":33,"column":30},"end":{"line":33,"column":null}},{"start":{"line":34,"column":10},"end":{"line":34,"column":null}}]},"3":{"loc":{"start":{"line":37,"column":9},"end":{"line":42,"column":null}},"type":"binary-expr","locations":[{"start":{"line":37,"column":9},"end":{"line":37,"column":30}},{"start":{"line":37,"column":30},"end":{"line":37,"column":null}},{"start":{"line":38,"column":10},"end":{"line":42,"column":null}}]}},"s":{"0":0,"1":0,"2":0,"3":0,"4":0,"5":0,"6":0},"f":{"0":0,"1":0,"2":0,"3":0},"b":{"0":[0,0],"1":[0,0],"2":[0,0,0],"3":[0,0,0]}}
,"/home/sepheron/dbwebb-kurser/jsramverk/repo-ssr/front-end-editor/src/main.jsx": {"path":"/home/sepheron/dbwebb-kurser/jsramverk/repo-ssr/front-end-editor/src/main.jsx","statementMap":{"0":{"start":{"line":6,"column":0},"end":{"line":10,"column":null}}},"fnMap":{},"branchMap":{},"s":{"0":0},"f":{},"b":{}}
,"/home/sepheron/dbwebb-kurser/jsramverk/repo-ssr/front-end-editor/src/url.js": {"path":"/home/sepheron/dbwebb-kurser/jsramverk/repo-ssr/front-end-editor/src/url.js","statementMap":{"0":{"start":{"line":2,"column":16},"end":{"line":2,"column":94}}},"fnMap":{},"branchMap":{},"s":{"0":4},"f":{},"b":{}}
,"/home/sepheron/dbwebb-kurser/jsramverk/repo-ssr/front-end-editor/src/assets/wrappers/About.js": {"path":"/home/sepheron/dbwebb-kurser/jsramverk/repo-ssr/front-end-editor/src/assets/wrappers/About.js","statementMap":{"0":{"start":{"line":3,"column":16},"end":{"line":17,"column":1}}},"fnMap":{},"branchMap":{},"s":{"0":1},"f":{},"b":{}}
,"/home/sepheron/dbwebb-kurser/jsramverk/repo-ssr/front-end-editor/src/assets/wrappers/AllDocs.js": {"path":"/home/sepheron/dbwebb-kurser/jsramverk/repo-ssr/front-end-editor/src/assets/wrappers/AllDocs.js","statementMap":{"0":{"start":{"line":3,"column":16},"end":{"line":28,"column":1}}},"fnMap":{},"branchMap":{},"s":{"0":1},"f":{},"b":{}}
,"/home/sepheron/dbwebb-kurser/jsramverk/repo-ssr/front-end-editor/src/assets/wrappers/DeleteDoc.js": {"path":"/home/sepheron/dbwebb-kurser/jsramverk/repo-ssr/front-end-editor/src/assets/wrappers/DeleteDoc.js","statementMap":{"0":{"start":{"line":3,"column":16},"end":{"line":17,"column":1}}},"fnMap":{},"branchMap":{},"s":{"0":1},"f":{},"b":{}}
,"/home/sepheron/dbwebb-kurser/jsramverk/repo-ssr/front-end-editor/src/assets/wrappers/Nav.js": {"path":"/home/sepheron/dbwebb-kurser/jsramverk/repo-ssr/front-end-editor/src/assets/wrappers/Nav.js","statementMap":{"0":{"start":{"line":3,"column":16},"end":{"line":25,"column":1}}},"fnMap":{},"branchMap":{},"s":{"0":1},"f":{},"b":{}}
,"/home/sepheron/dbwebb-kurser/jsramverk/repo-ssr/front-end-editor/src/assets/wrappers/UpdateCreateDoc.js": {"path":"/home/sepheron/dbwebb-kurser/jsramverk/repo-ssr/front-end-editor/src/assets/wrappers/UpdateCreateDoc.js","statementMap":{"0":{"start":{"line":3,"column":16},"end":{"line":50,"column":1}}},"fnMap":{},"branchMap":{},"s":{"0":2},"f":{},"b":{}}
,"/home/sepheron/dbwebb-kurser/jsramverk/repo-ssr/front-end-editor/src/components/About.jsx": {"path":"/home/sepheron/dbwebb-kurser/jsramverk/repo-ssr/front-end-editor/src/components/About.jsx","statementMap":{"0":{"start":{"line":4,"column":2},"end":{"line":25,"column":null}}},"fnMap":{"0":{"name":"About","decl":{"start":{"line":3,"column":9},"end":{"line":3,"column":17}},"loc":{"start":{"line":3,"column":17},"end":{"line":28,"column":null}}}},"branchMap":{},"s":{"0":3},"f":{"0":3},"b":{}}
,"/home/sepheron/dbwebb-kurser/jsramverk/repo-ssr/front-end-editor/src/components/AllDocs.jsx": {"path":"/home/sepheron/dbwebb-kurser/jsramverk/repo-ssr/front-end-editor/src/components/AllDocs.jsx","statementMap":{"0":{"start":{"line":6,"column":28},"end":{"line":6,"column":null}},"1":{"start":{"line":8,"column":4},"end":{"line":12,"column":null}},"2":{"start":{"line":9,"column":6},"end":{"line":11,"column":null}},"3":{"start":{"line":10,"column":21},"end":{"line":10,"column":31}},"4":{"start":{"line":11,"column":22},"end":{"line":11,"column":40}},"5":{"start":{"line":14,"column":4},"end":{"line":25,"column":null}},"6":{"start":{"line":19,"column":20},"end":{"line":22,"column":null}},"7":{"start":{"line":21,"column":83},"end":{"line":21,"column":96}}},"fnMap":{"0":{"name":"AllDocs","decl":{"start":{"line":5,"column":9},"end":{"line":5,"column":17}},"loc":{"start":{"line":5,"column":29},"end":{"line":27,"column":null}}},"1":{"name":"(anonymous_1)","decl":{"start":{"line":8,"column":14},"end":{"line":8,"column":20}},"loc":{"start":{"line":8,"column":20},"end":{"line":12,"column":7}}},"2":{"name":"(anonymous_2)","decl":{"start":{"line":10,"column":14},"end":{"line":10,"column":21}},"loc":{"start":{"line":10,"column":21},"end":{"line":10,"column":31}}},"3":{"name":"(anonymous_3)","decl":{"start":{"line":11,"column":14},"end":{"line":11,"column":22}},"loc":{"start":{"line":11,"column":22},"end":{"line":11,"column":40}}},"4":{"name":"(anonymous_4)","decl":{"start":{"line":18,"column":26},"end":{"line":18,"column":null}},"loc":{"start":{"line":19,"column":20},"end":{"line":22,"column":null}}},"5":{"name":"(anonymous_5)","decl":{"start":{"line":21,"column":77},"end":{"line":21,"column":83}},"loc":{"start":{"line":21,"column":83},"end":{"line":21,"column":96}}}},"branchMap":{"0":{"loc":{"start":{"line":21,"column":25},"end":{"line":21,"column":null}},"type":"binary-expr","locations":[{"start":{"line":21,"column":25},"end":{"line":21,"column":36}},{"start":{"line":21,"column":36},"end":{"line":21,"column":null}}]}},"s":{"0":6,"1":6,"2":3,"3":3,"4":3,"5":6,"6":3,"7":1},"f":{"0":6,"1":3,"2":3,"3":3,"4":3,"5":1},"b":{"0":[3,2]}}
,"/home/sepheron/dbwebb-kurser/jsramverk/repo-ssr/front-end-editor/src/components/CreateDoc.jsx": {"path":"/home/sepheron/dbwebb-kurser/jsramverk/repo-ssr/front-end-editor/src/components/CreateDoc.jsx","statementMap":{"0":{"start":{"line":7,"column":30},"end":{"line":7,"column":null}},"1":{"start":{"line":8,"column":34},"end":{"line":8,"column":null}},"2":{"start":{"line":12,"column":8},"end":{"line":12,"column":null}},"3":{"start":{"line":14,"column":8},"end":{"line":14,"column":null}},"4":{"start":{"line":16,"column":8},"end":{"line":20,"column":null}},"5":{"start":{"line":22,"column":8},"end":{"line":22,"column":null}},"6":{"start":{"line":23,"column":8},"end":{"line":23,"column":null}},"7":{"start":{"line":26,"column":4},"end":{"line":51,"column":null}},"8":{"start":{"line":37,"column":31},"end":{"line":37,"column":null}},"9":{"start":{"line":45,"column":31},"end":{"line":45,"column":null}}},"fnMap":{"0":{"name":"CreateDoc","decl":{"start":{"line":5,"column":9},"end":{"line":5,"column":21}},"loc":{"start":{"line":5,"column":21},"end":{"line":53,"column":null}}},"1":{"name":"handleSubmit","decl":{"start":{"line":11,"column":13},"end":{"line":11,"column":26}},"loc":{"start":{"line":11,"column":29},"end":{"line":24,"column":null}}},"2":{"name":"(anonymous_2)","decl":{"start":{"line":37,"column":26},"end":{"line":37,"column":31}},"loc":{"start":{"line":37,"column":31},"end":{"line":37,"column":null}}},"3":{"name":"(anonymous_3)","decl":{"start":{"line":45,"column":26},"end":{"line":45,"column":31}},"loc":{"start":{"line":45,"column":31},"end":{"line":45,"column":null}}}},"branchMap":{},"s":{"0":17,"1":17,"2":1,"3":1,"4":1,"5":1,"6":1,"7":17,"8":3,"9":9},"f":{"0":17,"1":1,"2":3,"3":9},"b":{}}
,"/home/sepheron/dbwebb-kurser/jsramverk/repo-ssr/front-end-editor/src/components/DeleteDoc.jsx": {"path":"/home/sepheron/dbwebb-kurser/jsramverk/repo-ssr/front-end-editor/src/components/DeleteDoc.jsx","statementMap":{"0":{"start":{"line":6,"column":4},"end":{"line":6,"column":null}},"1":{"start":{"line":8,"column":4},"end":{"line":23,"column":null}},"2":{"start":{"line":9,"column":23},"end":{"line":11,"column":null}},"3":{"start":{"line":13,"column":19},"end":{"line":13,"column":null}},"4":{"start":{"line":15,"column":6},"end":{"line":20,"column":null}},"5":{"start":{"line":16,"column":8},"end":{"line":16,"column":null}},"6":{"start":{"line":17,"column":8},"end":{"line":17,"column":null}},"7":{"start":{"line":19,"column":8},"end":{"line":19,"column":null}},"8":{"start":{"line":22,"column":6},"end":{"line":22,"column":null}},"9":{"start":{"line":26,"column":2},"end":{"line":31,"column":null}}},"fnMap":{"0":{"name":"DeleteDoc","decl":{"start":{"line":3,"column":9},"end":{"line":3,"column":19}},"loc":{"start":{"line":3,"column":49},"end":{"line":33,"column":null}}},"1":{"name":"handleSubmit","decl":{"start":{"line":5,"column":17},"end":{"line":5,"column":30}},"loc":{"start":{"line":5,"column":33},"end":{"line":24,"column":null}}}},"branchMap":{"0":{"loc":{"start":{"line":15,"column":6},"end":{"line":20,"column":null}},"type":"if","locations":[{"start":{"line":15,"column":6},"end":{"line":20,"column":null}},{"start":{"line":18,"column":13},"end":{"line":20,"column":null}}]}},"s":{"0":1,"1":1,"2":1,"3":1,"4":1,"5":0,"6":0,"7":1,"8":0,"9":1},"f":{"0":1,"1":1},"b":{"0":[0,1]}}
,"/home/sepheron/dbwebb-kurser/jsramverk/repo-ssr/front-end-editor/src/components/Header.jsx": {"path":"/home/sepheron/dbwebb-kurser/jsramverk/repo-ssr/front-end-editor/src/components/Header.jsx","statementMap":{"0":{"start":{"line":3,"column":17},"end":{"line":3,"column":null}},"1":{"start":{"line":4,"column":17},"end":{"line":4,"column":null}},"2":{"start":{"line":7,"column":33},"end":{"line":7,"column":null}},"3":{"start":{"line":8,"column":4},"end":{"line":15,"column":null}},"4":{"start":{"line":9,"column":25},"end":{"line":12,"column":null}},"5":{"start":{"line":10,"column":12},"end":{"line":10,"column":null}},"6":{"start":{"line":11,"column":12},"end":{"line":11,"column":null}},"7":{"start":{"line":11,"column":29},"end":{"line":11,"column":49}},"8":{"start":{"line":14,"column":8},"end":{"line":14,"column":null}},"9":{"start":{"line":14,"column":21},"end":{"line":14,"column":null}},"10":{"start":{"line":17,"column":4},"end":{"line":27,"column":null}},"11":{"start":{"line":32,"column":22},"end":{"line":32,"column":null}},"12":{"start":{"line":33,"column":4},"end":{"line":36,"column":null}}},"fnMap":{"0":{"name":"Cat","decl":{"start":{"line":6,"column":9},"end":{"line":6,"column":14}},"loc":{"start":{"line":6,"column":27},"end":{"line":29,"column":null}}},"1":{"name":"(anonymous_1)","decl":{"start":{"line":8,"column":14},"end":{"line":8,"column":20}},"loc":{"start":{"line":8,"column":20},"end":{"line":15,"column":7}}},"2":{"name":"(anonymous_2)","decl":{"start":{"line":9,"column":37},"end":{"line":9,"column":43}},"loc":{"start":{"line":9,"column":43},"end":{"line":12,"column":11}}},"3":{"name":"(anonymous_3)","decl":{"start":{"line":11,"column":23},"end":{"line":11,"column":29}},"loc":{"start":{"line":11,"column":29},"end":{"line":11,"column":49}}},"4":{"name":"(anonymous_4)","decl":{"start":{"line":14,"column":15},"end":{"line":14,"column":21}},"loc":{"start":{"line":14,"column":21},"end":{"line":14,"column":null}}},"5":{"name":"Header","decl":{"start":{"line":31,"column":9},"end":{"line":31,"column":18}},"loc":{"start":{"line":31,"column":18},"end":{"line":38,"column":null}}}},"branchMap":{},"s":{"0":1,"1":1,"2":2,"3":2,"4":2,"5":0,"6":0,"7":0,"8":2,"9":2,"10":2,"11":2,"12":2},"f":{"0":2,"1":2,"2":0,"3":0,"4":2,"5":2},"b":{}}
,"/home/sepheron/dbwebb-kurser/jsramverk/repo-ssr/front-end-editor/src/components/Nav.jsx": {"path":"/home/sepheron/dbwebb-kurser/jsramverk/repo-ssr/front-end-editor/src/components/Nav.jsx","statementMap":{"0":{"start":{"line":4,"column":2},"end":{"line":11,"column":null}},"1":{"start":{"line":7,"column":31},"end":{"line":7,"column":53}},"2":{"start":{"line":8,"column":31},"end":{"line":8,"column":53}},"3":{"start":{"line":9,"column":31},"end":{"line":9,"column":54}}},"fnMap":{"0":{"name":"Nav","decl":{"start":{"line":3,"column":9},"end":{"line":3,"column":13}},"loc":{"start":{"line":3,"column":38},"end":{"line":13,"column":null}}},"1":{"name":"(anonymous_1)","decl":{"start":{"line":7,"column":25},"end":{"line":7,"column":31}},"loc":{"start":{"line":7,"column":31},"end":{"line":7,"column":53}}},"2":{"name":"(anonymous_2)","decl":{"start":{"line":8,"column":25},"end":{"line":8,"column":31}},"loc":{"start":{"line":8,"column":31},"end":{"line":8,"column":53}}},"3":{"name":"(anonymous_3)","decl":{"start":{"line":9,"column":25},"end":{"line":9,"column":31}},"loc":{"start":{"line":9,"column":31},"end":{"line":9,"column":54}}}},"branchMap":{},"s":{"0":3,"1":1,"2":1,"3":1},"f":{"0":3,"1":1,"2":1,"3":1},"b":{}}
,"/home/sepheron/dbwebb-kurser/jsramverk/repo-ssr/front-end-editor/src/components/UpdateDoc.jsx": {"path":"/home/sepheron/dbwebb-kurser/jsramverk/repo-ssr/front-end-editor/src/components/UpdateDoc.jsx","statementMap":{"0":{"start":{"line":6,"column":30},"end":{"line":6,"column":null}},"1":{"start":{"line":7,"column":34},"end":{"line":7,"column":null}},"2":{"start":{"line":12,"column":8},"end":{"line":12,"column":null}},"3":{"start":{"line":14,"column":8},"end":{"line":14,"column":null}},"4":{"start":{"line":16,"column":8},"end":{"line":20,"column":null}},"5":{"start":{"line":23,"column":4},"end":{"line":44,"column":null}},"6":{"start":{"line":31,"column":35},"end":{"line":31,"column":null}},"7":{"start":{"line":38,"column":35},"end":{"line":38,"column":null}}},"fnMap":{"0":{"name":"UpdateDoc","decl":{"start":{"line":5,"column":9},"end":{"line":5,"column":20}},"loc":{"start":{"line":5,"column":39},"end":{"line":46,"column":null}}},"1":{"name":"handleSubmit","decl":{"start":{"line":10,"column":13},"end":{"line":10,"column":26}},"loc":{"start":{"line":10,"column":29},"end":{"line":21,"column":null}}},"2":{"name":"(anonymous_2)","decl":{"start":{"line":31,"column":30},"end":{"line":31,"column":35}},"loc":{"start":{"line":31,"column":35},"end":{"line":31,"column":null}}},"3":{"name":"(anonymous_3)","decl":{"start":{"line":38,"column":30},"end":{"line":38,"column":35}},"loc":{"start":{"line":38,"column":35},"end":{"line":38,"column":null}}}},"branchMap":{},"s":{"0":17,"1":17,"2":1,"3":1,"4":1,"5":17,"6":7,"7":8},"f":{"0":17,"1":1,"2":7,"3":8},"b":{}}
}
